-> Host 10.2.0.101
Output from 10.2.0.101:
show ip int brief
Interface              IP-Address      OK? Method Status                Protocol
GigabitEthernet0/0     10.2.0.101      YES NVRAM  up                    up      
GigabitEthernet0/1     unassigned      YES unset  up                    up      
GigabitEthernet0/2     unassigned      YES unset  up                    up      
GigabitEthernet0/3     unassigned      YES unset  up                    up      
GigabitEthernet1/0     unassigned      YES unset  up                    up      
GigabitEthernet1/1     unassigned      YES unset  up                    up      
GigabitEthernet1/2     unassigned      YES unset  down                  down    
GigabitEthernet1/3     unassigned      YES unset  down                  down    
Port-channel1          unassigned      YES unset  up                    up      
Vlan10                 172.16.10.252   YES NVRAM  up                    up      
Vlan20                 172.16.20.252   YES NVRAM  up                    up      
Vlan30                 172.16.30.252   YES NVRAM  up                    up      
Vlan100                172.16.100.252  YES NVRAM  up                    up      
SW-CORE_1#show vlan

VLAN Name                             Status    Ports
---- -------------------------------- --------- -------------------------------
1    default                          active    Gi0/1, Gi0/2, Gi0/3, Gi1/2, Gi1/3
10   Ingenieria                       active    
20   Produccion                       active    
30   Accounters                       active    
100  Data Center                      active    
1002 fddi-default                     act/unsup 
1003 token-ring-default               act/unsup 
1004 fddinet-default                  act/unsup 
1005 trnet-default                    act/unsup 

VLAN Type  SAID       MTU   Parent RingNo BridgeNo Stp  BrdgMode Trans1 Trans2
---- ----- ---------- ----- ------ ------ -------- ---- -------- ------ ------
1    enet  100001     1500  -      -      -        -    -        0      0   
10   enet  100010     1500  -      -      -        -    -        0      0   
20   enet  100020     1500  -      -      -        -    -        0      0   
30   enet  100030     1500  -      -      -        -    -        0      0   
100  enet  100100     1500  -      -      -        -    -        0      0   
1002 fddi  101002     1500  -      -      -        -    -        0      0   
1003 tr    101003     1500  -      -      -        -    -        0      0   
1004 fdnet 101004     1500  -      -      -        ieee -        0      0   
1005 trnet 101005     1500  -      -      -        ibm  -        0      0   

Remote SPAN VLANs
------------------------------------------------------------------------------


Primary Secondary Type              Ports
------- --------- ----------------- ------------------------------------------

SW-CORE_1#

-> Host 10.2.0.102
Output from 10.2.0.102:
show ip int brief
Interface              IP-Address      OK? Method Status                Protocol
GigabitEthernet0/0     10.2.0.102      YES NVRAM  up                    up      
GigabitEthernet0/1     unassigned      YES unset  up                    up      
GigabitEthernet0/2     unassigned      YES unset  up                    up      
GigabitEthernet0/3     unassigned      YES unset  up                    up      
GigabitEthernet1/0     unassigned      YES unset  up                    up      
GigabitEthernet1/1     unassigned      YES unset  up                    up      
GigabitEthernet1/2     unassigned      YES unset  down                  down    
GigabitEthernet1/3     unassigned      YES unset  up                    up      
Port-channel1          unassigned      YES unset  up                    up      
Vlan10                 172.16.10.253   YES NVRAM  up                    up      
Vlan20                 172.16.20.253   YES NVRAM  up                    up      
Vlan30                 172.16.30.253   YES NVRAM  up                    up      
Vlan100                172.16.100.253  YES NVRAM  up                    up      
SW-CORE_2#show vlan

VLAN Name                             Status    Ports
---- -------------------------------- --------- -------------------------------
1    default                          active    Gi0/1, Gi0/2, Gi0/3, Gi1/2, Gi1/3
10   Ingenieria                       active    
20   Produccion                       active    
30   Accounters                       active    
100  Data Center                      active    
1002 fddi-default                     act/unsup 
1003 token-ring-default               act/unsup 
1004 fddinet-default                  act/unsup 
1005 trnet-default                    act/unsup 

VLAN Type  SAID       MTU   Parent RingNo BridgeNo Stp  BrdgMode Trans1 Trans2
---- ----- ---------- ----- ------ ------ -------- ---- -------- ------ ------
1    enet  100001     1500  -      -      -        -    -        0      0   
10   enet  100010     1500  -      -      -        -    -        0      0   
20   enet  100020     1500  -      -      -        -    -        0      0   
30   enet  100030     1500  -      -      -        -    -        0      0   
100  enet  100100     1500  -      -      -        -    -        0      0   
1002 fddi  101002     1500  -      -      -        -    -        0      0   
1003 tr    101003     1500  -      -      -        -    -        0      0   
1004 fdnet 101004     1500  -      -      -        ieee -        0      0   
1005 trnet 101005     1500  -      -      -        ibm  -        0      0   

Remote SPAN VLANs
------------------------------------------------------------------------------


Primary Secondary Type              Ports
------- --------- ----------------- ------------------------------------------

SW-CORE_2#

Total time: 0:00:12.123300